kotlin version: 2.1.10
error message: org.jetbrains.kotlin.backend.common.BackendException: Backend Internal error: Exception during IR lowering
File being compiled: C:/Users/Shiela-PC/Downloads/PhysiqueAiThesisFInalFolder/physiqueai finalapk/PhysiqueAIThesisFinal/app/src/main/java/com/example/physiqueaiapkfinal/BmiCalculatorActivity.kt
The root cause java.lang.RuntimeException was thrown at: org.jetbrains.kotlin.backend.jvm.codegen.FunctionCodegen.generate(FunctionCodegen.kt:48)
	at org.jetbrains.kotlin.backend.common.CodegenUtil.reportBackendException(CodegenUtil.kt:253)
	at org.jetbrains.kotlin.backend.common.CodegenUtil.reportBackendException$default(CodegenUtil.kt:236)
	at org.jetbrains.kotlin.backend.common.phaser.PerformByIrFilePhase.invokeSequential(performByIrFile.kt:55)
	at org.jetbrains.kotlin.backend.common.phaser.PerformByIrFilePhase.invoke(performByIrFile.kt:42)
	at org.jetbrains.kotlin.backend.common.phaser.PerformByIrFilePhase.invoke(performByIrFile.kt:28)
	at org.jetbrains.kotlin.backend.common.phaser.NamedCompilerPhase.phaseBody(CompilerPhase.kt:166)
	at org.jetbrains.kotlin.backend.common.phaser.AbstractNamedCompilerPhase.invoke(CompilerPhase.kt:113)
	at org.jetbrains.kotlin.backend.common.phaser.CompositePhase.invoke(PhaseBuilders.kt:27)
	at org.jetbrains.kotlin.backend.common.phaser.CompositePhase.invoke(PhaseBuilders.kt:14)
	at org.jetbrains.kotlin.backend.common.phaser.NamedCompilerPhase.phaseBody(CompilerPhase.kt:166)
	at org.jetbrains.kotlin.backend.common.phaser.AbstractNamedCompilerPhase.invoke(CompilerPhase.kt:113)
	at org.jetbrains.kotlin.backend.common.phaser.CompilerPhaseKt.invokeToplevel(CompilerPhase.kt:62)
	at org.jetbrains.kotlin.backend.jvm.JvmIrCodegenFactory.invokeCodegen(JvmIrCodegenFactory.kt:371)
	at org.jetbrains.kotlin.codegen.CodegenFactory.generateModule(CodegenFactory.kt:47)
	at org.jetbrains.kotlin.backend.jvm.JvmIrCodegenFactory.generateModuleInFrontendIRMode(JvmIrCodegenFactory.kt:433)
	at org.jetbrains.kotlin.cli.jvm.compiler.pipeline.JvmCompilerPipelineKt.generateCodeFromIr(jvmCompilerPipeline.kt:192)
	at org.jetbrains.kotlin.cli.jvm.compiler.pipeline.JvmCompilerPipelineKt.runBackend(jvmCompilerPipeline.kt:80)
	at org.jetbrains.kotlin.cli.jvm.compiler.pipeline.JvmCompilerPipelineLightTreeKt.compileModule(jvmCompilerPipelineLightTree.kt:264)
	at org.jetbrains.kotlin.cli.jvm.compiler.pipeline.JvmCompilerPipelineLightTreeKt.compileSingleModuleUsingFrontendIrAndLightTree(jvmCompilerPipelineLightTree.kt:231)
	at org.jetbrains.kotlin.cli.jvm.compiler.pipeline.JvmCompilerPipelineLightTreeKt.compileModulesUsingFrontendIrAndLightTree(jvmCompilerPipelineLightTree.kt:86)
	at org.jetbrains.kotlin.cli.jvm.K2JVMCompiler.doExecute(K2JVMCompiler.kt:146)
	at org.jetbrains.kotlin.cli.jvm.K2JVMCompiler.doExecute(K2JVMCompiler.kt:43)
	at org.jetbrains.kotlin.cli.common.CLICompiler.execImpl(CLICompiler.kt:102)
	at org.jetbrains.kotlin.cli.common.CLICompiler.exec(CLICompiler.kt:316)
	at org.jetbrains.kotlin.incremental.IncrementalJvmCompilerRunner.runCompiler(IncrementalJvmCompilerRunner.kt:464)
	at org.jetbrains.kotlin.incremental.IncrementalJvmCompilerRunner.runCompiler(IncrementalJvmCompilerRunner.kt:73)
	at org.jetbrains.kotlin.incremental.IncrementalCompilerRunner.doCompile(IncrementalCompilerRunner.kt:506)
	at org.jetbrains.kotlin.incremental.IncrementalCompilerRunner.compileImpl(IncrementalCompilerRunner.kt:423)
	at org.jetbrains.kotlin.incremental.IncrementalCompilerRunner.compileNonIncrementally(IncrementalCompilerRunner.kt:301)
	at org.jetbrains.kotlin.incremental.IncrementalCompilerRunner.compile(IncrementalCompilerRunner.kt:129)
	at org.jetbrains.kotlin.daemon.CompileServiceImplBase.execIncrementalCompiler(CompileServiceImpl.kt:683)
	at org.jetbrains.kotlin.daemon.CompileServiceImplBase.access$execIncrementalCompiler(CompileServiceImpl.kt:91)
	at org.jetbrains.kotlin.daemon.CompileServiceImpl.compile(CompileServiceImpl.kt:1811)
	at java.base/jdk.internal.reflect.DirectMethodHandleAccessor.invoke(Unknown Source)
	at java.base/java.lang.reflect.Method.invoke(Unknown Source)
	at java.rmi/sun.rmi.server.UnicastServerRef.dispatch(Unknown Source)
	at java.rmi/sun.rmi.transport.Transport$1.run(Unknown Source)
	at java.rmi/sun.rmi.transport.Transport$1.run(Unknown Source)
	at java.base/java.security.AccessController.doPrivileged(Unknown Source)
	at java.rmi/sun.rmi.transport.Transport.serviceCall(Unknown Source)
	at java.rmi/sun.rmi.transport.tcp.TCPTransport.handleMessages(Unknown Source)
	at java.rmi/sun.rmi.transport.tcp.TCPTransport$ConnectionHandler.run0(Unknown Source)
	at java.rmi/sun.rmi.transport.tcp.TCPTransport$ConnectionHandler.lambda$run$0(Unknown Source)
	at java.base/java.security.AccessController.doPrivileged(Unknown Source)
	at java.rmi/sun.rmi.transport.tcp.TCPTransport$ConnectionHandler.run(Unknown Source)
	at java.base/java.util.concurrent.ThreadPoolExecutor.runWorker(Unknown Source)
	at java.base/java.util.concurrent.ThreadPoolExecutor$Worker.run(Unknown Source)
	at java.base/java.lang.Thread.run(Unknown Source)
Caused by: java.lang.RuntimeException: Exception while generating code for:
FUN name:onCreate visibility:protected modality:OPEN <> ($this:com.example.physiqueaiapkfinal.BmiCalculatorActivity, savedInstanceState:android.os.Bundle?) returnType:kotlin.Unit
  overridden:
    protected/*protected and package*/ open fun onCreate (p0: @[EnhancedNullability] android.os.Bundle?): kotlin.Unit [fake_override] declared in androidx.appcompat.app.AppCompatActivity
  $this: VALUE_PARAMETER name:<this> type:com.example.physiqueaiapkfinal.BmiCalculatorActivity
  VALUE_PARAMETER name:savedInstanceState index:0 type:android.os.Bundle?
  BLOCK_BODY
    CALL 'protected/*protected and package*/ open fun onCreate (p0: @[EnhancedNullability] android.os.Bundle?): kotlin.Unit [fake_override] declared in androidx.appcompat.app.AppCompatActivity' superQualifier='CLASS IR_EXTERNAL_JAVA_DECLARATION_STUB CLASS name:AppCompatActivity modality:OPEN visibility:public superTypes:[androidx.fragment.app.FragmentActivity; androidx.appcompat.app.AppCompatCallback; androidx.core.app.TaskStackBuilder.SupportParentable; androidx.appcompat.app.ActionBarDrawerToggle.DelegateProvider]' type=kotlin.Unit origin=null
      $this: GET_VAR '<this>: com.example.physiqueaiapkfinal.BmiCalculatorActivity declared in com.example.physiqueaiapkfinal.BmiCalculatorActivity.onCreate' type=com.example.physiqueaiapkfinal.BmiCalculatorActivity origin=null
      p0: GET_VAR 'savedInstanceState: android.os.Bundle? declared in com.example.physiqueaiapkfinal.BmiCalculatorActivity.onCreate' type=android.os.Bundle? origin=null
    CALL 'public open fun setContentView (p0: kotlin.Int): kotlin.Unit [fake_override] declared in com.example.physiqueaiapkfinal.BmiCalculatorActivity' type=kotlin.Unit origin=null
      $this: GET_VAR '<this>: com.example.physiqueaiapkfinal.BmiCalculatorActivity declared in com.example.physiqueaiapkfinal.BmiCalculatorActivity.onCreate' type=com.example.physiqueaiapkfinal.BmiCalculatorActivity origin=null
      p0: GET_FIELD 'FIELD IR_EXTERNAL_JAVA_DECLARATION_STUB name:activity_bmi_calculator type:kotlin.Int visibility:public [static] declared in com.example.physiqueaiapkfinal.R.layout' type=kotlin.Int superQualifierSymbol=com.example.physiqueaiapkfinal.R.layout origin=null
    SET_FIELD 'FIELD PROPERTY_BACKING_FIELD name:genderMaleButton type:android.widget.Button? visibility:private' type=kotlin.Unit origin=null
      receiver: GET_VAR '<this>: com.example.physiqueaiapkfinal.BmiCalculatorActivity declared in com.example.physiqueaiapkfinal.BmiCalculatorActivity.onCreate' type=com.example.physiqueaiapkfinal.BmiCalculatorActivity origin=null
      value: CALL 'public open fun findViewById <T> (p0: kotlin.Int): @[FlexibleNullability] T of com.example.physiqueaiapkfinal.BmiCalculatorActivity.findViewById? [fake_override] declared in com.example.physiqueaiapkfinal.BmiCalculatorActivity' type=@[FlexibleNullability] android.widget.Button? origin=null
        <T>: @[FlexibleNullability] android.widget.Button?
        $this: GET_VAR '<this>: com.example.physiqueaiapkfinal.BmiCalculatorActivity declared in com.example.physiqueaiapkfinal.BmiCalculatorActivity.onCreate' type=com.example.physiqueaiapkfinal.BmiCalculatorActivity origin=null
        p0: GET_FIELD 'FIELD IR_EXTERNAL_JAVA_DECLARATION_STUB name:maleButton type:kotlin.Int visibility:public [static] declared in com.example.physiqueaiapkfinal.R.id' type=kotlin.Int superQualifierSymbol=com.example.physiqueaiapkfinal.R.id origin=null
    SET_FIELD 'FIELD PROPERTY_BACKING_FIELD name:genderFemaleButton type:android.widget.Button? visibility:private' type=kotlin.Unit origin=null
      receiver: GET_VAR '<this>: com.example.physiqueaiapkfinal.BmiCalculatorActivity declared in com.example.physiqueaiapkfinal.BmiCalculatorActivity.onCreate' type=com.example.physiqueaiapkfinal.BmiCalculatorActivity origin=null
      value: CALL 'public open fun findViewById <T> (p0: kotlin.Int): @[FlexibleNullability] T of com.example.physiqueaiapkfinal.BmiCalculatorActivity.findViewById? [fake_override] declared in com.example.physiqueaiapkfinal.BmiCalculatorActivity' type=@[FlexibleNullability] android.widget.Button? origin=null
        <T>: @[FlexibleNullability] android.widget.Button?
        $this: GET_VAR '<this>: com.example.physiqueaiapkfinal.BmiCalculatorActivity declared in com.example.physiqueaiapkfinal.BmiCalculatorActivity.onCreate' type=com.example.physiqueaiapkfinal.BmiCalculatorActivity origin=null
        p0: GET_FIELD 'FIELD IR_EXTERNAL_JAVA_DECLARATION_STUB name:femaleButton type:kotlin.Int visibility:public [static] declared in com.example.physiqueaiapkfinal.R.id' type=kotlin.Int superQualifierSymbol=com.example.physiqueaiapkfinal.R.id origin=null
    SET_FIELD 'FIELD PROPERTY_BACKING_FIELD name:heightSeekBar type:android.widget.SeekBar? visibility:private' type=kotlin.Unit origin=null
      receiver: GET_VAR '<this>: com.example.physiqueaiapkfinal.BmiCalculatorActivity declared in com.example.physiqueaiapkfinal.BmiCalculatorActivity.onCreate' type=com.example.physiqueaiapkfinal.BmiCalculatorActivity origin=null
      value: CALL 'public open fun findViewById <T> (p0: kotlin.Int): @[FlexibleNullability] T of com.example.physiqueaiapkfinal.BmiCalculatorActivity.findViewById? [fake_override] declared in com.example.physiqueaiapkfinal.BmiCalculatorActivity' type=@[FlexibleNullability] android.widget.SeekBar? origin=null
        <T>: @[FlexibleNullability] android.widget.SeekBar?
        $this: GET_VAR '<this>: com.example.physiqueaiapkfinal.BmiCalculatorActivity declared in com.example.physiqueaiapkfinal.BmiCalculatorActivity.onCreate' type=com.example.physiqueaiapkfinal.BmiCalculatorActivity origin=null
        p0: GET_FIELD 'FIELD IR_EXTERNAL_JAVA_DECLARATION_STUB name:heightSeekBar type:kotlin.Int visibility:public [static] declared in com.example.physiqueaiapkfinal.R.id' type=kotlin.Int superQualifierSymbol=com.example.physiqueaiapkfinal.R.id origin=null
    SET_FIELD 'FIELD PROPERTY_BACKING_FIELD name:heightTextView type:android.widget.TextView? visibility:private' type=kotlin.Unit origin=null
      receiver: GET_VAR '<this>: com.example.physiqueaiapkfinal.BmiCalculatorActivity declared in com.example.physiqueaiapkfinal.BmiCalculatorActivity.onCreate' type=com.example.physiqueaiapkfinal.BmiCalculatorActivity origin=null
      value: CALL 'public open fun findViewById <T> (p0: kotlin.Int): @[FlexibleNullability] T of com.example.physiqueaiapkfinal.BmiCalculatorActivity.findViewById? [fake_override] declared in com.example.physiqueaiapkfinal.BmiCalculatorActivity' type=@[FlexibleNullability] android.widget.TextView? origin=null
        <T>: @[FlexibleNullability] android.widget.TextView?
        $this: GET_VAR '<this>: com.example.physiqueaiapkfinal.BmiCalculatorActivity declared in com.example.physiqueaiapkfinal.BmiCalculatorActivity.onCreate' type=com.example.physiqueaiapkfinal.BmiCalculatorActivity origin=null
        p0: GET_FIELD 'FIELD IR_EXTERNAL_JAVA_DECLARATION_STUB name:heightValue type:kotlin.Int visibility:public [static] declared in com.example.physiqueaiapkfinal.R.id' type=kotlin.Int superQualifierSymbol=com.example.physiqueaiapkfinal.R.id origin=null
    SET_FIELD 'FIELD PROPERTY_BACKING_FIELD name:weightDecreaseButton type:android.widget.ImageButton? visibility:private' type=kotlin.Unit origin=null
      receiver: GET_VAR '<this>: com.example.physiqueaiapkfinal.BmiCalculatorActivity declared in com.example.physiqueaiapkfinal.BmiCalculatorActivity.onCreate' type=com.example.physiqueaiapkfinal.BmiCalculatorActivity origin=null
      value: CALL 'public open fun findViewById <T> (p0: kotlin.Int): @[FlexibleNullability] T of com.example.physiqueaiapkfinal.BmiCalculatorActivity.findViewById? [fake_override] declared in com.example.physiqueaiapkfinal.BmiCalculatorActivity' type=@[FlexibleNullability] android.widget.ImageButton? origin=null
        <T>: @[FlexibleNullability] android.widget.ImageButton?
        $this: GET_VAR '<this>: com.example.physiqueaiapkfinal.BmiCalculatorActivity declared in com.example.physiqueaiapkfinal.BmiCalculatorActivity.onCreate' type=com.example.physiqueaiapkfinal.BmiCalculatorActivity origin=null
        p0: GET_FIELD 'FIELD IR_EXTERNAL_JAVA_DECLARATION_STUB name:weightMinus type:kotlin.Int visibility:public [static] declared in com.example.physiqueaiapkfinal.R.id' type=kotlin.Int superQualifierSymbol=com.example.physiqueaiapkfinal.R.id origin=null
    SET_FIELD 'FIELD PROPERTY_BACKING_FIELD name:weightIncreaseButton type:android.widget.ImageButton? visibility:private' type=kotlin.Unit origin=null
      receiver: GET_VAR '<this>: com.example.physiqueaiapkfinal.BmiCalculatorActivity declared in com.example.physiqueaiapkfinal.BmiCalculatorActivity.onCreate' type=com.example.physiqueaiapkfinal.BmiCalculatorActivity origin=null
      value: CALL 'public open fun findViewById <T> (p0: kotlin.Int): @[FlexibleNullability] T of com.example.physiqueaiapkfinal.BmiCalculatorActivity.findViewById? [fake_override] declared in com.example.physiqueaiapkfinal.BmiCalculatorActivity' type=@[FlexibleNullability] android.widget.ImageButton? origin=null
        <T>: @[FlexibleNullability] android.widget.ImageButton?
        $this: GET_VAR '<this>: com.example.physiqueaiapkfinal.BmiCalculatorActivity declared in com.example.physiqueaiapkfinal.BmiCalculatorActivity.onCreate' type=com.example.physiqueaiapkfinal.BmiCalculatorActivity origin=null
        p0: GET_FIELD 'FIELD IR_EXTERNAL_JAVA_DECLARATION_STUB name:weightPlus type:kotlin.Int visibility:public [static] declared in com.example.physiqueaiapkfinal.R.id' type=kotlin.Int superQualifierSymbol=com.example.physiqueaiapkfinal.R.id origin=null
    SET_FIELD 'FIELD PROPERTY_BACKING_FIELD name:weightTextView type:android.widget.TextView? visibility:private' type=kotlin.Unit origin=null
      receiver: GET_VAR '<this>: com.example.physiqueaiapkfinal.BmiCalculatorActivity declared in com.example.physiqueaiapkfinal.BmiCalculatorActivity.onCreate' type=com.example.physiqueaiapkfinal.BmiCalculatorActivity origin=null
      value: CALL 'public open fun findViewById <T> (p0: kotlin.Int): @[FlexibleNullability] T of com.example.physiqueaiapkfinal.BmiCalculatorActivity.findViewById? [fake_override] declared in com.example.physiqueaiapkfinal.BmiCalculatorActivity' type=@[FlexibleNullability] android.widget.TextView? origin=null
        <T>: @[FlexibleNullability] android.widget.TextView?
        $this: GET_VAR '<this>: com.example.physiqueaiapkfinal.BmiCalculatorActivity declared in com.example.physiqueaiapkfinal.BmiCalculatorActivity.onCreate' type=com.example.physiqueaiapkfinal.BmiCalculatorActivity origin=null
        p0: GET_FIELD 'FIELD IR_EXTERNAL_JAVA_DECLARATION_STUB name:weightInput type:kotlin.Int visibility:public [static] declared in com.example.physiqueaiapkfinal.R.id' type=kotlin.Int superQualifierSymbol=com.example.physiqueaiapkfinal.R.id origin=null
    SET_FIELD 'FIELD PROPERTY_BACKING_FIELD name:ageDecreaseButton type:android.widget.ImageButton? visibility:private' type=kotlin.Unit origin=null
      receiver: GET_VAR '<this>: com.example.physiqueaiapkfinal.BmiCalculatorActivity declared in com.example.physiqueaiapkfinal.BmiCalculatorActivity.onCreate' type=com.example.physiqueaiapkfinal.BmiCalculatorActivity origin=null
      value: CALL 'public open fun findViewById <T> (p0: kotlin.Int): @[FlexibleNullability] T of com.example.physiqueaiapkfinal.BmiCalculatorActivity.findViewById? [fake_override] declared in com.example.physiqueaiapkfinal.BmiCalculatorActivity' type=@[FlexibleNullability] android.widget.ImageButton? origin=null
        <T>: @[FlexibleNullability] android.widget.ImageButton?
        $this: GET_VAR '<this>: com.example.physiqueaiapkfinal.BmiCalculatorActivity declared in com.example.physiqueaiapkfinal.BmiCalculatorActivity.onCreate' type=com.example.physiqueaiapkfinal.BmiCalculatorActivity origin=null
        p0: GET_FIELD 'FIELD IR_EXTERNAL_JAVA_DECLARATION_STUB name:ageMinus type:kotlin.Int visibility:public [static] declared in com.example.physiqueaiapkfinal.R.id' type=kotlin.Int superQualifierSymbol=com.example.physiqueaiapkfinal.R.id origin=null
    SET_FIELD 'FIELD PROPERTY_BACKING_FIELD name:ageIncreaseButton type:android.widget.ImageButton? visibility:private' type=kotlin.Unit origin=null
      receiver: GET_VAR '<this>: com.example.physiqueaiapkfinal.BmiCalculatorActivity declared in com.example.physiqueaiapkfinal.BmiCalculatorActivity.onCreate' type=com.example.physiqueaiapkfinal.BmiCalculatorActivity origin=null
      value: CALL 'public open fun findViewById <T> (p0: kotlin.Int): @[FlexibleNullability] T of com.example.physiqueaiapkfinal.BmiCalculatorActivity.findViewById? [fake_override] declared in com.example.physiqueaiapkfinal.BmiCalculatorActivity' type=@[FlexibleNullability] android.widget.ImageButton? origin=null
        <T>: @[FlexibleNullability] android.widget.ImageButton?
        $this: GET_VAR '<this>: com.example.physiqueaiapkfinal.BmiCalculatorActivity declared in com.example.physiqueaiapkfinal.BmiCalculatorActivity.onCreate' type=com.example.physiqueaiapkfinal.BmiCalculatorActivity origin=null
        p0: GET_FIELD 'FIELD IR_EXTERNAL_JAVA_DECLARATION_STUB name:agePlus type:kotlin.Int visibility:public [static] declared in com.example.physiqueaiapkfinal.R.id' type=kotlin.Int superQualifierSymbol=com.example.physiqueaiapkfinal.R.id origin=null
    SET_FIELD 'FIELD PROPERTY_BACKING_FIELD name:ageTextView type:android.widget.TextView? visibility:private' type=kotlin.Unit origin=null
      receiver: GET_VAR '<this>: com.example.physiqueaiapkfinal.BmiCalculatorActivity declared in com.example.physiqueaiapkfinal.BmiCalculatorActivity.onCreate' type=com.example.physiqueaiapkfinal.BmiCalculatorActivity origin=null
      value: CALL 'public open fun findViewById <T> (p0: kotlin.Int): @[FlexibleNullability] T of com.example.physiqueaiapkfinal.BmiCalculatorActivity.findViewById? [fake_override] declared in com.example.physiqueaiapkfinal.BmiCalculatorActivity' type=@[FlexibleNullability] android.widget.TextView? origin=null
        <T>: @[FlexibleNullability] android.widget.TextView?
        $this: GET_VAR '<this>: com.example.physiqueaiapkfinal.BmiCalculatorActivity declared in com.example.physiqueaiapkfinal.BmiCalculatorActivity.onCreate' type=com.example.physiqueaiapkfinal.BmiCalculatorActivity origin=null
        p0: GET_FIELD 'FIELD IR_EXTERNAL_JAVA_DECLARATION_STUB name:ageInput type:kotlin.Int visibility:public [static] declared in com.example.physiqueaiapkfinal.R.id' type=kotlin.Int superQualifierSymbol=com.example.physiqueaiapkfinal.R.id origin=null
    SET_FIELD 'FIELD PROPERTY_BACKING_FIELD name:calculateBMIButton type:android.widget.Button? visibility:private' type=kotlin.Unit origin=null
      receiver: GET_VAR '<this>: com.example.physiqueaiapkfinal.BmiCalculatorActivity declared in com.example.physiqueaiapkfinal.BmiCalculatorActivity.onCreate' type=com.example.physiqueaiapkfinal.BmiCalculatorActivity origin=null
      value: CALL 'public open fun findViewById <T> (p0: kotlin.Int): @[FlexibleNullability] T of com.example.physiqueaiapkfinal.BmiCalculatorActivity.findViewById? [fake_override] declared in com.example.physiqueaiapkfinal.BmiCalculatorActivity' type=@[FlexibleNullability] android.widget.Button? origin=null
        <T>: @[FlexibleNullability] android.widget.Button?
        $this: GET_VAR '<this>: com.example.physiqueaiapkfinal.BmiCalculatorActivity declared in com.example.physiqueaiapkfinal.BmiCalculatorActivity.onCreate' type=com.example.physiqueaiapkfinal.BmiCalculatorActivity origin=null
        p0: GET_FIELD 'FIELD IR_EXTERNAL_JAVA_DECLARATION_STUB name:calculateButton type:kotlin.Int visibility:public [static] declared in com.example.physiqueaiapkfinal.R.id' type=kotlin.Int superQualifierSymbol=com.example.physiqueaiapkfinal.R.id origin=null
    CALL 'public open fun setOnClickListener (p0: @[EnhancedNullability] android.view.View.OnClickListener?): kotlin.Unit [fake_override] declared in android.widget.Button' type=kotlin.Unit origin=null
      $this: BLOCK type=android.widget.Button origin=FOLDED_ELVIS
        WHEN type=android.widget.Button origin=FOLDED_ELVIS
          BRANCH
            if: COMPOSITE type=kotlin.Boolean origin=null
              VAR IR_TEMPORARY_VARIABLE name:tmp0 type:android.widget.Button? [val]
                GET_FIELD 'FIELD PROPERTY_BACKING_FIELD name:genderMaleButton type:android.widget.Button? visibility:private' type=android.widget.Button? origin=null
                  receiver: GET_VAR '<this>: com.example.physiqueaiapkfinal.BmiCalculatorActivity declared in com.example.physiqueaiapkfinal.BmiCalculatorActivity.onCreate' type=com.example.physiqueaiapkfinal.BmiCalculatorActivity origin=null
              CALL 'public final fun not (): kotlin.Boolean [operator] declared in kotlin.Boolean' type=kotlin.Boolean origin=null
                $this: CALL 'public final fun EQEQ (arg0: kotlin.Any?, arg1: kotlin.Any?): kotlin.Boolean declared in kotlin.internal.ir' type=kotlin.Boolean origin=null
                  arg0: GET_VAR 'val tmp0: android.widget.Button? [val] declared in com.example.physiqueaiapkfinal.BmiCalculatorActivity.onCreate' type=android.widget.Button? origin=null
                  arg1: CONST Null type=kotlin.Nothing? value=null
            then: GET_VAR 'val tmp0: android.widget.Button? [val] declared in com.example.physiqueaiapkfinal.BmiCalculatorActivity.onCreate' type=android.widget.Button? origin=null
          BRANCH
            if: CONST Boolean type=kotlin.Boolean value=true
            then: BLOCK type=kotlin.Unit origin=null
              CALL 'public final fun throwUninitializedPropertyAccessException (propertyName: kotlin.String): kotlin.Unit declared in kotlin.jvm.internal.Intrinsics' type=kotlin.Unit origin=null
                propertyName: CONST String type=kotlin.String value="genderMaleButton"
      p0: BLOCK type=android.view.View.OnClickListener origin=LAMBDA
        COMPOSITE type=kotlin.Unit origin=null
        CALL 'public final fun <jvm-indy> <T> (dynamicCall: T of kotlin.jvm.internal.<jvm-indy>, bootstrapMethodHandle: kotlin.Any, vararg bootstrapMethodArguments: kotlin.Any): T of kotlin.jvm.internal.<jvm-indy> declared in kotlin.jvm.internal' type=android.view.View.OnClickListener origin=null
          <T>: android.view.View.OnClickListener
          dynamicCall: CALL 'public final fun onClick (p0: com.example.physiqueaiapkfinal.BmiCalculatorActivity): android.view.View.OnClickListener declared in kotlin.jvm.internal.invokeDynamic' type=android.view.View.OnClickListener origin=null
            p0: GET_VAR '<this>: com.example.physiqueaiapkfinal.BmiCalculatorActivity declared in com.example.physiqueaiapkfinal.BmiCalculatorActivity.onCreate' type=com.example.physiqueaiapkfinal.BmiCalculatorActivity origin=null
          bootstrapMethodHandle: CALL 'public final fun <jvm-method-handle> (tag: kotlin.Int, owner: kotlin.String, name: kotlin.String, descriptor: kotlin.String, isInterface: kotlin.Boolean): kotlin.Any declared in kotlin.jvm.internal' type=kotlin.Any origin=null
            tag: CONST Int type=kotlin.Int value=6
            owner: CONST String type=kotlin.String value="java/lang/invoke/LambdaMetafactory"
            name: CONST String type=kotlin.String value="metafactory"
            descriptor: CONST String type=kotlin.String value="(Ljava/lang/invoke/MethodHandles$Lookup;Ljava/lang/String;Ljava/lang/invoke/MethodType;Ljava/lang/invoke/MethodType;Ljava/lang/invoke/MethodHandle;Ljava/lang/invoke/MethodType;)Ljava/lang/invoke/CallSite;"
            isInterface: CONST Boolean type=kotlin.Boolean value=false
          bootstrapMethodArguments: VARARG type=kotlin.Array<kotlin.Any> varargElementType=kotlin.Any
            CALL 'public final fun <jvm-original-method-type> (method: kotlin.Any): kotlin.Any declared in kotlin.jvm.internal' type=kotlin.Any origin=null
              method: RAW_FUNCTION_REFERENCE 'public abstract fun onClick (p0: @[FlexibleNullability] android.view.View?): kotlin.Unit declared in android.view.View.OnClickListener' type=kotlin.Any
            RAW_FUNCTION_REFERENCE 'private final fun onCreate$lambda$0 (this$0: com.example.physiqueaiapkfinal.BmiCalculatorActivity, it: @[FlexibleNullability] android.view.View?): kotlin.Unit declared in com.example.physiqueaiapkfinal.BmiCalculatorActivity' type=kotlin.Any
            CALL 'public final fun <jvm-original-method-type> (method: kotlin.Any): kotlin.Any declared in kotlin.jvm.internal' type=kotlin.Any origin=null
              method: RAW_FUNCTION_REFERENCE 'public abstract fun onClick (p0: @[FlexibleNullability] android.view.View?): kotlin.Unit [fake_override] declared in kotlin.jvm.internal.invokeDynamic.<fake>' type=kotlin.Any
    CALL 'public open fun setOnClickListener (p0: @[EnhancedNullability] android.view.View.OnClickListener?): kotlin.Unit [fake_override] declared in android.widget.Button' type=kotlin.Unit origin=null
      $this: BLOCK type=android.widget.Button origin=FOLDED_ELVIS
        WHEN type=android.widget.Button origin=FOLDED_ELVIS
          BRANCH
            if: COMPOSITE type=kotlin.Boolean origin=null
              VAR IR_TEMPORARY_VARIABLE name:tmp0 type:android.widget.Button? [val]
                GET_FIELD 'FIELD PROPERTY_BACKING_FIELD name:genderFemaleButton type:android.widget.Button? visibility:private' type=android.widget.Button? origin=null
                  receiver: GET_VAR '<this>: com.example.physiqueaiapkfinal.BmiCalculatorActivity declared in com.example.physiqueaiapkfinal.BmiCalculatorActivity.onCreate' type=com.example.physiqueaiapkfinal.BmiCalculatorActivity origin=null
              CALL 'public final fun not (): kotlin.Boolean [operator] declared in kotlin.Boolean' type=kotlin.Boolean origin=null
                $this: CALL 'public final fun EQEQ (arg0: kotlin.Any?, arg1: kotlin.Any?): kotlin.Boolean declared in kotlin.internal.ir' type=kotlin.Boolean origin=null
                  arg0: GET_VAR 'val tmp0: android.widget.Button? [val] declared in com.example.physiqueaiapkfinal.BmiCalculatorActivity.onCreate' type=android.widget.Button? origin=null
                  arg1: CONST Null type=kotlin.Nothing? value=null
            then: GET_VAR 'val tmp0: android.widget.Button? [val] declared in com.example.physiqueaiapkfinal.BmiCalculatorActivity.onCreate' type=android.widget.Button? origin=null
          BRANCH
            if: CONST Boolean type=kotlin.Boolean value=true
            then: BLOCK type=kotlin.Unit origin=null
              CALL 'public final fun throwUninitializedPropertyAccessException (propertyName: kotlin.String): kotlin.Unit declared in kotlin.jvm.internal.Intrinsics' type=kotlin.Unit origin=null
                propertyName: CONST String type=kotlin.String value="genderFemaleButton"
      p0: BLOCK type=android.view.View.OnClickListener origin=LAMBDA
        COMPOSITE type=kotlin.Unit origin=null
        CALL 'public final fun <jvm-indy> <T> (dynamicCall: T of kotlin.jvm.internal.<jvm-indy>, bootstrapMethodHandle: kotlin.Any, vararg bootstrapMethodArguments: kotlin.Any): T of kotlin.jvm.internal.<jvm-indy> declared in kotlin.jvm.internal' type=android.view.View.OnClickListener origin=null
          <T>: android.view.View.OnClickListener
          dynamicCall: CALL 'public final fun onClick (p0: com.example.physiqueaiapkfinal.BmiCalculatorActivity): android.view.View.OnClickListener declared in kotlin.jvm.internal.invokeDynamic' type=android.view.View.OnClickListener origin=null
            p0: GET_VAR '<this>: com.example.physiqueaiapkfinal.BmiCalculatorActivity declared in com.example.physiqueaiapkfinal.BmiCalculatorActivity.onCreate' type=com.example.physiqueaiapkfinal.BmiCalculatorActivity origin=null
          bootstrapMethodHandle: CALL 'public final fun <jvm-method-handle> (tag: kotlin.Int, owner: kotlin.String, name: kotlin.String, descriptor: kotlin.String, isInterface: kotlin.Boolean): kotlin.Any declared in kotlin.jvm.internal' type=kotlin.Any origin=null
            tag: CONST Int type=kotlin.Int value=6
            owner: CONST String type=kotlin.String value="java/lang/invoke/LambdaMetafactory"
            name: CONST String type=kotlin.String value="metafactory"
            descriptor: CONST String type=kotlin.String value="(Ljava/lang/invoke/MethodHandles$Lookup;Ljava/lang/String;Ljava/lang/invoke/MethodType;Ljava/lang/invoke/MethodType;Ljava/lang/invoke/MethodHandle;Ljava/lang/invoke/MethodType;)Ljava/lang/invoke/CallSite;"
            isInterface: CONST Boolean type=kotlin.Boolean value=false
          bootstrapMethodArguments: VARARG type=kotlin.Array<kotlin.Any> varargElementType=kotlin.Any
            CALL 'public final fun <jvm-original-method-type> (method: kotlin.Any): kotlin.Any declared in kotlin.jvm.internal' type=kotlin.Any origin=null
              method: RAW_FUNCTION_REFERENCE 'public abstract fun onClick (p0: @[FlexibleNullability] android.view.View?): kotlin.Unit declared in android.view.View.OnClickListener' type=kotlin.Any
            RAW_FUNCTION_REFERENCE 'private final fun onCreate$lambda$1 (this$0: com.example.physiqueaiapkfinal.BmiCalculatorActivity, it: @[FlexibleNullability] android.view.View?): kotlin.Unit declared in com.example.physiqueaiapkfinal.BmiCalculatorActivity' type=kotlin.Any
            CALL 'public final fun <jvm-original-method-type> (method: kotlin.Any): kotlin.Any declared in kotlin.jvm.internal' type=kotlin.Any origin=null
              method: RAW_FUNCTION_REFERENCE 'public abstract fun onClick (p0: @[FlexibleNullability] android.view.View?): kotlin.Unit [fake_override] declared in kotlin.jvm.internal.invokeDynamic.<fake>' type=kotlin.Any
    CALL 'public open fun setOnSeekBarChangeListener (p0: @[FlexibleNullability] android.widget.SeekBar.OnSeekBarChangeListener?): kotlin.Unit declared in android.widget.SeekBar' type=kotlin.Unit origin=null
      $this: BLOCK type=android.widget.SeekBar origin=FOLDED_ELVIS
        WHEN type=android.widget.SeekBar origin=FOLDED_ELVIS
          BRANCH
            if: COMPOSITE type=kotlin.Boolean origin=null
              VAR IR_TEMPORARY_VARIABLE name:tmp0 type:android.widget.SeekBar? [val]
                GET_FIELD 'FIELD PROPERTY_BACKING_FIELD name:heightSeekBar type:android.widget.SeekBar? visibility:private' type=android.widget.SeekBar? origin=null
                  receiver: GET_VAR '<this>: com.example.physiqueaiapkfinal.BmiCalculatorActivity declared in com.example.physiqueaiapkfinal.BmiCalculatorActivity.onCreate' type=com.example.physiqueaiapkfinal.BmiCalculatorActivity origin=null
              CALL 'public final fun not (): kotlin.Boolean [operator] declared in kotlin.Boolean' type=kotlin.Boolean origin=null
                $this: CALL 'public final fun EQEQ (arg0: kotlin.Any?, arg1: kotlin.Any?): kotlin.Boolean declared in kotlin.internal.ir' type=kotlin.Boolean origin=null
                  arg0: GET_VAR 'val tmp0: android.widget.SeekBar? [val] declared in com.example.physiqueaiapkfinal.BmiCalculatorActivity.onCreate' type=android.widget.SeekBar? origin=null
                  arg1: CONST Null type=kotlin.Nothing? value=null
            then: GET_VAR 'val tmp0: android.widget.SeekBar? [val] declared in com.example.physiqueaiapkfinal.BmiCalculatorActivity.onCreate' type=android.widget.SeekBar? origin=null
          BRANCH
            if: CONST Boolean type=kotlin.Boolean value=true
            then: BLOCK type=kotlin.Unit origin=null
              CALL 'public final fun throwUninitializedPropertyAccessException (propertyName: kotlin.String): kotlin.Unit declared in kotlin.jvm.internal.Intrinsics' type=kotlin.Unit origin=null
                propertyName: CONST String type=kotlin.String value="heightSeekBar"
      p0: BLOCK type=com.example.physiqueaiapkfinal.BmiCalculatorActivity.onCreate.<no name provided> origin=OBJECT_LITERAL
        CLASS CLASS name:<no name provided> modality:FINAL visibility:local superTypes:[android.widget.SeekBar.OnSeekBarChangeListener]
          $this: VALUE_PARAMETER INSTANCE_RECEIVER name:<this> type:com.example.physiqueaiapkfinal.BmiCalculatorActivity.onCreate.<no name provided>
          CONSTRUCTOR visibility:public/*package*/ <> (this$0:com.example.physiqueaiapkfinal.BmiCalculatorActivity) returnType:com.example.physiqueaiapkfinal.BmiCalculatorActivity.onCreate.<no name provided> [primary]
            VALUE_PARAMETER BOUND_RECEIVER_PARAMETER name:this$0 index:0 type:com.example.physiqueaiapkfinal.BmiCalculatorActivity
            BLOCK_BODY
              SET_FIELD 'FIELD FIELD_FOR_CAPTURED_VALUE name:this$0 type:com.example.physiqueaiapkfinal.BmiCalculatorActivity visibility:public/*package*/ [final] declared in com.example.physiqueaiapkfinal.BmiCalculatorActivity.onCreate.<no name provided>' type=kotlin.Unit origin=INITIALIZER_OF_FIELD_FOR_CAPTURED_VALUE
                receiver: GET_VAR '<this>: com.example.physiqueaiapkfinal.BmiCalculatorActivity.onCreate.<no name provided> declared in com.example.physiqueaiapkfinal.BmiCalculatorActivity.onCreate.<no name provided>' type=com.example.physiqueaiapkfinal.BmiCalculatorActivity.onCreate.<no name provided> origin=null
                value: GET_VAR 'this$0: com.example.physiqueaiapkfinal.BmiCalculatorActivity declared in com.example.physiqueaiapkfinal.BmiCalculatorActivity.onCreate.<no name provided>.<init>' type=com.example.physiqueaiapkfinal.BmiCalculatorActivity origin=null
              DELEGATING_CONSTRUCTOR_CALL 'public constructor <init> () [primary] declared in kotlin.Any'
              BLOCK type=kotlin.Unit origin=null
          FUN name:onProgressChanged visibility:public modality:OPEN <> ($this:com.example.physiqueaiapkfinal.BmiCalculatorActivity.onCreate.<no name provided>, seekBar:android.widget.SeekBar?, progress:kotlin.Int, fromUser:kotlin.Boolean) returnType:kotlin.Unit
            annotations:
              SuppressLint(value = ["SetTextI18n"] type=kotlin.Array<out kotlin.String> varargElementType=kotlin.String)
            overridden:
              public abstract fun onProgressChanged (p0: @[FlexibleNullability] android.widget.SeekBar?, p1: kotlin.Int, p2: kotlin.Boolean): kotlin.Unit declared in android.widget.SeekBar.OnSeekBarChangeListener
            $this: VALUE_PARAMETER name:<this> type:com.example.physiqueaiapkfinal.BmiCalculatorActivity.onCreate.<no name provided>
            VALUE_PARAMETER name:seekBar index:0 type:android.widget.SeekBar?
            VALUE_PARAMETER name:progress index:1 type:kotlin.Int
            VALUE_PARAMETER name:fromUser index:2 type:kotlin.Boolean
            BLOCK_BODY
              CALL 'public final fun access$setHeight$p ($this: com.example.physiqueaiapkfinal.BmiCalculatorActivity, <set-?>: kotlin.Int): kotlin.Unit declared in com.example.physiqueaiapkfinal.BmiCalculatorActivity' type=kotlin.Unit origin=null
                $this: GET_FIELD 'FIELD FIELD_FOR_CAPTURED_VALUE name:this$0 type:com.example.physiqueaiapkfinal.BmiCalculatorActivity visibility:public/*package*/ [final] declared in com.example.physiqueaiapkfinal.BmiCalculatorActivity.onCreate.<no name provided>' type=com.example.physiqueaiapkfinal.BmiCalculatorActivity origin=null
                  receiver: GET_VAR '<this>: com.example.physiqueaiapkfinal.BmiCalculatorActivity.onCreate.<no name provided> declared in com.example.physiqueaiapkfinal.BmiCalculatorActivity.onCreate.<no name provided>.onProgressChanged' type=com.example.physiqueaiapkfinal.BmiCalculatorActivity.onCreate.<no name provided> origin=null
                <set-?>: GET_VAR 'progress: kotlin.Int declared in com.example.physiqueaiapkfinal.BmiCalculatorActivity.onCreate.<no name provided>.onProgressChanged' type=kotlin.Int origin=null
              CALL 'public final fun setText (p0: @[FlexibleNullability] kotlin.CharSequence?): kotlin.Unit declared in android.widget.TextView' type=kotlin.Unit origin=EQ
                $this: BLOCK type=android.widget.TextView origin=FOLDED_ELVIS
                  WHEN type=android.widget.TextView origin=FOLDED_ELVIS
                    BRANCH
                      if: COMPOSITE type=kotlin.Boolean origin=null
                        VAR IR_TEMPORARY_VARIABLE name:tmp0 type:android.widget.TextView? [val]
                          CALL 'public final fun access$getHeightTextView$p ($this: com.example.physiqueaiapkfinal.BmiCalculatorActivity): android.widget.TextView? declared in com.example.physiqueaiapkfinal.BmiCalculatorActivity' type=android.widget.TextView? origin=null
                            $this: GET_FIELD 'FIELD FIELD_FOR_CAPTURED_VALUE name:this$0 type:com.example.physiqueaiapkfinal.BmiCalculatorActivity visibility:public/*package*/ [final] declared in com.example.physiqueaiapkfinal.BmiCalculatorActivity.onCreate.<no name provided>' type=com.example.physiqueaiapkfinal.BmiCalculatorActivity origin=null
                              receiver: GET_VAR '<this>: com.example.physiqueaiapkfinal.BmiCalculatorActivity.onCreate.<no name provided> declared in com.example.physiqueaiapkfinal.BmiCalculatorActivity.onCreate.<no name provided>.onProgressChanged' type=com.example.physiqueaiapkfinal.BmiCalculatorActivity.onCreate.<no name provided> origin=null
                        CALL 'public final fun not (): kotlin.Boolean [operator] declared in kotlin.Boolean' type=kotlin.Boolean origin=null
                          $this: CALL 'public final fun EQEQ (arg0: kotlin.Any?, arg1: kotlin.Any?): kotlin.Boolean declared in kotlin.internal.ir' type=kotlin.Boolean origin=null
                            arg0: GET_VAR 'val tmp0: android.widget.TextView? [val] declared in com.example.physiqueaiapkfinal.BmiCalculatorActivity.onCreate.<no name provided>.onProgressChanged' type=android.widget.TextView? origin=null
                            arg1: CONST Null type=kotlin.Nothing? value=null
                      then: GET_VAR 'val tmp0: android.widget.TextView? [val] declared in com.example.physiqueaiapkfinal.BmiCalculatorActivity.onCreate.<no name provided>.onProgressChanged' type=android.widget.TextView? origin=null
                    BRANCH
                      if: CONST Boolean type=kotlin.Boolean value=true
                      then: BLOCK type=kotlin.Unit origin=null
                        CALL 'public final fun throwUninitializedPropertyAccessException (propertyName: kotlin.String): kotlin.Unit declared in kotlin.jvm.internal.Intrinsics' type=kotlin.Unit origin=null
                          propertyName: CONST String type=kotlin.String value="heightTextView"
                p0: STRING_CONCATENATION type=kotlin.String
                  CONST String type=kotlin.String value="Height: "
                  CALL 'public final fun access$getHeight$p ($this: com.example.physiqueaiapkfinal.BmiCalculatorActivity): kotlin.Int declared in com.example.physiqueaiapkfinal.BmiCalculatorActivity' type=kotlin.Int origin=null
                    $this: GET_FIELD 'FIELD FIELD_FOR_CAPTURED_VALUE name:this$0 type:com.example.physiqueaiapkfinal.BmiCalculatorActivity visibility:public/*package*/ [final] declared in com.example.physiqueaiapkfinal.BmiCalculatorActivity.onCreate.<no name provided>' type=com.example.physiqueaiapkfinal.BmiCalculatorActivity origin=null
                      receiver: GET_VAR '<this>: com.example.physiqueaiapkfinal.BmiCalculatorActivity.onCreate.<no name provided> declared in com.example.physiqueaiapkfinal.BmiCalculatorActivity.onCreate.<no name provided>.onProgressChanged' type=com.example.physiqueaiapkfinal.BmiCalculatorActivity.onCreate.<no name provided> origin=null
                  CONST String type=kotlin.String value=" cm"
          FUN name:onStartTrackingTouch visibility:public modality:OPEN <> ($this:com.example.physiqueaiapkfinal.BmiCalculatorActivity.onCreate.<no name provided>, seekBar:android.widget.SeekBar?) returnType:kotlin.Unit
            overridden:
              public abstract fun onStartTrackingTouch (p0: @[FlexibleNullability] android.widget.SeekBar?): kotlin.Unit declared in android.widget.SeekBar.OnSeekBarChangeListener
            $this: VALUE_PARAMETER name:<this> type:com.example.physiqueaiapkfinal.BmiCalculatorActivity.onCreate.<no name provided>
            VALUE_PARAMETER name:seekBar index:0 type:android.widget.SeekBar?
            BLOCK_BODY
          FUN name:onStopTrackingTouch visibility:public modality:OPEN <> ($this:com.example.physiqueaiapkfinal.BmiCalculatorActivity.onCreate.<no name provided>, seekBar:android.widget.SeekBar?) returnType:kotlin.Unit
            overridden:
              public abstract fun onStopTrackingTouch (p0: @[FlexibleNullability] android.widget.SeekBar?): kotlin.Unit declared in android.widget.SeekBar.OnSeekBarChangeListener
            $this: VALUE_PARAMETER name:<this> type:com.example.physiqueaiapkfinal.BmiCalculatorActivity.onCreate.<no name provided>
            VALUE_PARAMETER name:seekBar index:0 type:android.widget.SeekBar?
            BLOCK_BODY
          FUN FAKE_OVERRIDE name:equals visibility:public modality:OPEN <> ($this:kotlin.Any, other:kotlin.Any?) returnType:kotlin.Boolean [fake_override,operator]
            overridden:
              public open fun equals (other: kotlin.Any?): kotlin.Boolean [fake_override,operator] declared in android.widget.SeekBar.OnSeekBarChangeListener
            $this: VALUE_PARAMETER name:<this> type:kotlin.Any
            VALUE_PARAMETER name:other index:0 type:kotlin.Any?
          FUN FAKE_OVERRIDE name:hashCode visibility:public modality:OPEN <> ($this:kotlin.Any) returnType:kotlin.Int [fake_override]
            overridden:
              public open fun hashCode (): kotlin.Int [fake_override] declared in android.widget.SeekBar.OnSeekBarChangeListener
            $this: VALUE_PARAMETER name:<this> type:kotlin.Any
          FUN FAKE_OVERRIDE name:toString visibility:public modality:OPEN <> ($this:kotlin.Any) returnType:kotlin.String [fake_override]
            overridden:
              public open fun toString (): kotlin.String [fake_override] declared in android.widget.SeekBar.OnSeekBarChangeListener
            $this: VALUE_PARAMETER name:<this> type:kotlin.Any
          FIELD FIELD_FOR_CAPTURED_VALUE name:this$0 type:com.example.physiqueaiapkfinal.BmiCalculatorActivity visibility:public/*package*/ [final]
        BLOCK type=com.example.physiqueaiapkfinal.BmiCalculatorActivity.onCreate.<no name provided> origin=null
          CONSTRUCTOR_CALL 'public/*package*/ constructor <init> (this$0: com.example.physiqueaiapkfinal.BmiCalculatorActivity) [primary] declared in com.example.physiqueaiapkfinal.BmiCalculatorActivity.onCreate.<no name provided>' type=com.example.physiqueaiapkfinal.BmiCalculatorActivity.onCreate.<no name provided> origin=OBJECT_LITERAL
            this$0: GET_VAR '<this>: com.example.physiqueaiapkfinal.BmiCalculatorActivity declared in com.example.physiqueaiapkfinal.BmiCalculatorActivity.onCreate' type=com.example.physiqueaiapkfinal.BmiCalculatorActivity origin=null
    CALL 'public open fun setOnClickListener (p0: @[EnhancedNullability] android.view.View.OnClickListener?): kotlin.Unit [fake_override] declared in android.widget.ImageButton' type=kotlin.Unit origin=null
      $this: BLOCK type=android.widget.ImageButton origin=FOLDED_ELVIS
        WHEN type=android.widget.ImageButton origin=FOLDED_ELVIS
          BRANCH
            if: COMPOSITE type=kotlin.Boolean origin=null
              VAR IR_TEMPORARY_VARIABLE name:tmp0 type:android.widget.ImageButton? [val]
                GET_FIELD 'FIELD PROPERTY_BACKING_FIELD name:weightDecreaseButton type:android.widget.ImageButton? visibility:private' type=android.widget.ImageButton? origin=null
                  receiver: GET_VAR '<this>: com.example.physiqueaiapkfinal.BmiCalculatorActivity declared in com.example.physiqueaiapkfinal.BmiCalculatorActivity.onCreate' type=com.example.physiqueaiapkfinal.BmiCalculatorActivity origin=null
              CALL 'public final fun not (): kotlin.Boolean [operator] declared in kotlin.Boolean' type=kotlin.Boolean origin=null
                $this: CALL 'public final fun EQEQ (arg0: kotlin.Any?, arg1: kotlin.Any?): kotlin.Boolean declared in kotlin.internal.ir' type=kotlin.Boolean origin=null
                  arg0: GET_VAR 'val tmp0: android.widget.ImageButton? [val] declared in com.example.physiqueaiapkfinal.BmiCalculatorActivity.onCreate' type=android.widget.ImageButton? origin=null
                  arg1: CONST Null type=kotlin.Nothing? value=null
            then: GET_VAR 'val tmp0: android.widget.ImageButton? [val] declared in com.example.physiqueaiapkfinal.BmiCalculatorActivity.onCreate' type=android.widget.ImageButton? origin=null
          BRANCH
            if: CONST Boolean type=kotlin.Boolean value=true
            then: BLOCK type=kotlin.Unit origin=null
              CALL 'public final fun throwUninitializedPropertyAccessException (propertyName: kotlin.String): kotlin.Unit declared in kotlin.jvm.internal.Intrinsics' type=kotlin.Unit origin=null
                propertyName: CONST String type=kotlin.String value="weightDecreaseButton"
      p0: BLOCK type=android.view.View.OnClickListener origin=LAMBDA
        COMPOSITE type=kotlin.Unit origin=null
        CALL 'public final fun <jvm-indy> <T> (dynamicCall: T of kotlin.jvm.internal.<jvm-indy>, bootstrapMethodHandle: kotlin.Any, vararg bootstrapMethodArguments: kotlin.Any): T of kotlin.jvm.internal.<jvm-indy> declared in kotlin.jvm.internal' type=android.view.View.OnClickListener origin=null
          <T>: android.view.View.OnClickListener
          dynamicCall: CALL 'public final fun onClick (p0: com.example.physiqueaiapkfinal.BmiCalculatorActivity): android.view.View.OnClickListener declared in kotlin.jvm.internal.invokeDynamic' type=android.view.View.OnClickListener origin=null
            p0: GET_VAR '<this>: com.example.physiqueaiapkfinal.BmiCalculatorActivity declared in com.example.physiqueaiapkfinal.BmiCalculatorActivity.onCreate' type=com.example.physiqueaiapkfinal.BmiCalculatorActivity origin=null
          bootstrapMethodHandle: CALL 'public final fun <jvm-method-handle> (tag: kotlin.Int, owner: kotlin.String, name: kotlin.String, descriptor: kotlin.String, isInterface: kotlin.Boolean): kotlin.Any declared in kotlin.jvm.internal' type=kotlin.Any origin=null
            tag: CONST Int type=kotlin.Int value=6
            owner: CONST String type=kotlin.String value="java/lang/invoke/LambdaMetafactory"
            name: CONST String type=kotlin.String value="metafactory"
            descriptor: CONST String type=kotlin.String value="(Ljava/lang/invoke/MethodHandles$Lookup;Ljava/lang/String;Ljava/lang/invoke/MethodType;Ljava/lang/invoke/MethodType;Ljava/lang/invoke/MethodHandle;Ljava/lang/invoke/MethodType;)Ljava/lang/invoke/CallSite;"
            isInterface: CONST Boolean type=kotlin.Boolean value=false
          bootstrapMethodArguments: VARARG type=kotlin.Array<kotlin.Any> varargElementType=kotlin.Any
            CALL 'public final fun <jvm-original-method-type> (method: kotlin.Any): kotlin.Any declared in kotlin.jvm.internal' type=kotlin.Any origin=null
              method: RAW_FUNCTION_REFERENCE 'public abstract fun onClick (p0: @[FlexibleNullability] android.view.View?): kotlin.Unit declared in android.view.View.OnClickListener' type=kotlin.Any
            RAW_FUNCTION_REFERENCE 'private final fun onCreate$lambda$2 (this$0: com.example.physiqueaiapkfinal.BmiCalculatorActivity, it: @[FlexibleNullability] android.view.View?): kotlin.Unit declared in com.example.physiqueaiapkfinal.BmiCalculatorActivity' type=kotlin.Any
            CALL 'public final fun <jvm-original-method-type> (method: kotlin.Any): kotlin.Any declared in kotlin.jvm.internal' type=kotlin.Any origin=null
              method: RAW_FUNCTION_REFERENCE 'public abstract fun onClick (p0: @[FlexibleNullability] android.view.View?): kotlin.Unit [fake_override] declared in kotlin.jvm.internal.invokeDynamic.<fake>' type=kotlin.Any
    CALL 'public open fun setOnClickListener (p0: @[EnhancedNullability] android.view.View.OnClickListener?): kotlin.Unit [fake_override] declared in android.widget.ImageButton' type=kotlin.Unit origin=null
      $this: BLOCK type=android.widget.ImageButton origin=FOLDED_ELVIS
        WHEN type=android.widget.ImageButton origin=FOLDED_ELVIS
          BRANCH
            if: COMPOSITE type=kotlin.Boolean origin=null
              VAR IR_TEMPORARY_VARIABLE name:tmp0 type:android.widget.ImageButton? [val]
                GET_FIELD 'FIELD PROPERTY_BACKING_FIELD name:weightIncreaseButton type:android.widget.ImageButton? visibility:private' type=android.widget.ImageButton? origin=null
                  receiver: GET_VAR '<this>: com.example.physiqueaiapkfinal.BmiCalculatorActivity declared in com.example.physiqueaiapkfinal.BmiCalculatorActivity.onCreate' type=com.example.physiqueaiapkfinal.BmiCalculatorActivity origin=null
              CALL 'public final fun not (): kotlin.Boolean [operator] declared in kotlin.Boolean' type=kotlin.Boolean origin=null
                $this: CALL 'public final fun EQEQ (arg0: kotlin.Any?, arg1: kotlin.Any?): kotlin.Boolean declared in kotlin.internal.ir' type=kotlin.Boolean origin=null
                  arg0: GET_VAR 'val tmp0: android.widget.ImageButton? [val] declared in com.example.physiqueaiapkfinal.BmiCalculatorActivity.onCreate' type=android.widget.ImageButton? origin=null
                  arg1: CONST Null type=kotlin.Nothing? value=null
            then: GET_VAR 'val tmp0: android.widget.ImageButton? [val] declared in com.example.physiqueaiapkfinal.BmiCalculatorActivity.onCreate' type=android.widget.ImageButton? origin=null
          BRANCH
            if: CONST Boolean type=kotlin.Boolean value=true
            then: BLOCK type=kotlin.Unit origin=null
              CALL 'public final fun throwUninitializedPropertyAccessException (propertyName: kotlin.String): kotlin.Unit declared in kotlin.jvm.internal.Intrinsics' type=kotlin.Unit origin=null
                propertyName: CONST String type=kotlin.String value="weightIncreaseButton"
      p0: BLOCK type=android.view.View.OnClickListener origin=LAMBDA
        COMPOSITE type=kotlin.Unit origin=null
        CALL 'public final fun <jvm-indy> <T> (dynamicCall: T of kotlin.jvm.internal.<jvm-indy>, bootstrapMethodHandle: kotlin.Any, vararg bootstrapMethodArguments: kotlin.Any): T of kotlin.jvm.internal.<jvm-indy> declared in kotlin.jvm.internal' type=android.view.View.OnClickListener origin=null
          <T>: android.view.View.OnClickListener
          dynamicCall: CALL 'public final fun onClick (p0: com.example.physiqueaiapkfinal.BmiCalculatorActivity): android.view.View.OnClickListener declared in kotlin.jvm.internal.invokeDynamic' type=android.view.View.OnClickListener origin=null
            p0: GET_VAR '<this>: com.example.physiqueaiapkfinal.BmiCalculatorActivity declared in com.example.physiqueaiapkfinal.BmiCalculatorActivity.onCreate' type=com.example.physiqueaiapkfinal.BmiCalculatorActivity origin=null
          bootstrapMethodHandle: CALL 'public final fun <jvm-method-handle> (tag: kotlin.Int, owner: kotlin.String, name: kotlin.String, descriptor: kotlin.String, isInterface: kotlin.Boolean): kotlin.Any declared in kotlin.jvm.internal' type=kotlin.Any origin=null
            tag: CONST Int type=kotlin.Int value=6
            owner: CONST String type=kotlin.String value="java/lang/invoke/LambdaMetafactory"
            name: CONST String type=kotlin.String value="metafactory"
            descriptor: CONST String type=kotlin.String value="(Ljava/lang/invoke/MethodHandles$Lookup;Ljava/lang/String;Ljava/lang/invoke/MethodType;Ljava/lang/invoke/MethodType;Ljava/lang/invoke/MethodHandle;Ljava/lang/invoke/MethodType;)Ljava/lang/invoke/CallSite;"
            isInterface: CONST Boolean type=kotlin.Boolean value=false
          bootstrapMethodArguments: VARARG type=kotlin.Array<kotlin.Any> varargElementType=kotlin.Any
            CALL 'public final fun <jvm-original-method-type> (method: kotlin.Any): kotlin.Any declared in kotlin.jvm.internal' type=kotlin.Any origin=null
              method: RAW_FUNCTION_REFERENCE 'public abstract fun onClick (p0: @[FlexibleNullability] android.view.View?): kotlin.Unit declared in android.view.View.OnClickListener' type=kotlin.Any
            RAW_FUNCTION_REFERENCE 'private final fun onCreate$lambda$3 (this$0: com.example.physiqueaiapkfinal.BmiCalculatorActivity, it: @[FlexibleNullability] android.view.View?): kotlin.Unit declared in com.example.physiqueaiapkfinal.BmiCalculatorActivity' type=kotlin.Any
            CALL 'public final fun <jvm-original-method-type> (method: kotlin.Any): kotlin.Any declared in kotlin.jvm.internal' type=kotlin.Any origin=null
              method: RAW_FUNCTION_REFERENCE 'public abstract fun onClick (p0: @[FlexibleNullability] android.view.View?): kotlin.Unit [fake_override] declared in kotlin.jvm.internal.invokeDynamic.<fake>' type=kotlin.Any
    CALL 'public open fun setOnClickListener (p0: @[EnhancedNullability] android.view.View.OnClickListener?): kotlin.Unit [fake_override] declared in android.widget.ImageButton' type=kotlin.Unit origin=null
      $this: BLOCK type=android.widget.ImageButton origin=FOLDED_ELVIS
        WHEN type=android.widget.ImageButton origin=FOLDED_ELVIS
          BRANCH
            if: COMPOSITE type=kotlin.Boolean origin=null
              VAR IR_TEMPORARY_VARIABLE name:tmp0 type:android.widget.ImageButton? [val]
                GET_FIELD 'FIELD PROPERTY_BACKING_FIELD name:ageDecreaseButton type:android.widget.ImageButton? visibility:private' type=android.widget.ImageButton? origin=null
                  receiver: GET_VAR '<this>: com.example.physiqueaiapkfinal.BmiCalculatorActivity declared in com.example.physiqueaiapkfinal.BmiCalculatorActivity.onCreate' type=com.example.physiqueaiapkfinal.BmiCalculatorActivity origin=null
              CALL 'public final fun not (): kotlin.Boolean [operator] declared in kotlin.Boolean' type=kotlin.Boolean origin=null
                $this: CALL 'public final fun EQEQ (arg0: kotlin.Any?, arg1: kotlin.Any?): kotlin.Boolean declared in kotlin.internal.ir' type=kotlin.Boolean origin=null
                  arg0: GET_VAR 'val tmp0: android.widget.ImageButton? [val] declared in com.example.physiqueaiapkfinal.BmiCalculatorActivity.onCreate' type=android.widget.ImageButton? origin=null
                  arg1: CONST Null type=kotlin.Nothing? value=null
            then: GET_VAR 'val tmp0: android.widget.ImageButton? [val] declared in com.example.physiqueaiapkfinal.BmiCalculatorActivity.onCreate' type=android.widget.ImageButton? origin=null
          BRANCH
            if: CONST Boolean type=kotlin.Boolean value=true
            then: BLOCK type=kotlin.Unit origin=null
              CALL 'public final fun throwUninitializedPropertyAccessException (propertyName: kotlin.String): kotlin.Unit declared in kotlin.jvm.internal.Intrinsics' type=kotlin.Unit origin=null
                propertyName: CONST String type=kotlin.String value="ageDecreaseButton"
      p0: BLOCK type=android.view.View.OnClickListener origin=LAMBDA
        COMPOSITE type=kotlin.Unit origin=null
        CALL 'public final fun <jvm-indy> <T> (dynamicCall: T of kotlin.jvm.internal.<jvm-indy>, bootstrapMethodHandle: kotlin.Any, vararg bootstrapMethodArguments: kotlin.Any): T of kotlin.jvm.internal.<jvm-indy> declared in kotlin.jvm.internal' type=android.view.View.OnClickListener origin=null
          <T>: android.view.View.OnClickListener
          dynamicCall: CALL 'public final fun onClick (p0: com.example.physiqueaiapkfinal.BmiCalculatorActivity): android.view.View.OnClickListener declared in kotlin.jvm.internal.invokeDynamic' type=android.view.View.OnClickListener origin=null
            p0: GET_VAR '<this>: com.example.physiqueaiapkfinal.BmiCalculatorActivity declared in com.example.physiqueaiapkfinal.BmiCalculatorActivity.onCreate' type=com.example.physiqueaiapkfinal.BmiCalculatorActivity origin=null
          bootstrapMethodHandle: CALL 'public final fun <jvm-method-handle> (tag: kotlin.Int, owner: kotlin.String, name: kotlin.String, descriptor: kotlin.String, isInterface: kotlin.Boolean): kotlin.Any declared in kotlin.jvm.internal' type=kotlin.Any origin=null
            tag: CONST Int type=kotlin.Int value=6
            owner: CONST String type=kotlin.String value="java/lang/invoke/LambdaMetafactory"
            name: CONST String type=kotlin.String value="metafactory"
            descriptor: CONST String type=kotlin.String value="(Ljava/lang/invoke/MethodHandles$Lookup;Ljava/lang/String;Ljava/lang/invoke/MethodType;Ljava/lang/invoke/MethodType;Ljava/lang/invoke/MethodHandle;Ljava/lang/invoke/MethodType;)Ljava/lang/invoke/CallSite;"
            isInterface: CONST Boolean type=kotlin.Boolean value=false
          bootstrapMethodArguments: VARARG type=kotlin.Array<kotlin.Any> varargElementType=kotlin.Any
            CALL 'public final fun <jvm-original-method-type> (method: kotlin.Any): kotlin.Any declared in kotlin.jvm.internal' type=kotlin.Any origin=null
              method: RAW_FUNCTION_REFERENCE 'public abstract fun onClick (p0: @[FlexibleNullability] android.view.View?): kotlin.Unit declared in android.view.View.OnClickListener' type=kotlin.Any
            RAW_FUNCTION_REFERENCE 'private final fun onCreate$lambda$4 (this$0: com.example.physiqueaiapkfinal.BmiCalculatorActivity, it: @[FlexibleNullability] android.view.View?): kotlin.Unit declared in com.example.physiqueaiapkfinal.BmiCalculatorActivity' type=kotlin.Any
            CALL 'public final fun <jvm-original-method-type> (method: kotlin.Any): kotlin.Any declared in kotlin.jvm.internal' type=kotlin.Any origin=null
              method: RAW_FUNCTION_REFERENCE 'public abstract fun onClick (p0: @[FlexibleNullability] android.view.View?): kotlin.Unit [fake_override] declared in kotlin.jvm.internal.invokeDynamic.<fake>' type=kotlin.Any
    CALL 'public open fun setOnClickListener (p0: @[EnhancedNullability] android.view.View.OnClickListener?): kotlin.Unit [fake_override] declared in android.widget.ImageButton' type=kotlin.Unit origin=null
      $this: BLOCK type=android.widget.ImageButton origin=FOLDED_ELVIS
        WHEN type=android.widget.ImageButton origin=FOLDED_ELVIS
          BRANCH
            if: COMPOSITE type=kotlin.Boolean origin=null
              VAR IR_TEMPORARY_VARIABLE name:tmp0 type:android.widget.ImageButton? [val]
                GET_FIELD 'FIELD PROPERTY_BACKING_FIELD name:ageIncreaseButton type:android.widget.ImageButton? visibility:private' type=android.widget.ImageButton? origin=null
                  receiver: GET_VAR '<this>: com.example.physiqueaiapkfinal.BmiCalculatorActivity declared in com.example.physiqueaiapkfinal.BmiCalculatorActivity.onCreate' type=com.example.physiqueaiapkfinal.BmiCalculatorActivity origin=null
              CALL 'public final fun not (): kotlin.Boolean [operator] declared in kotlin.Boolean' type=kotlin.Boolean origin=null
                $this: CALL 'public final fun EQEQ (arg0: kotlin.Any?, arg1: kotlin.Any?): kotlin.Boolean declared in kotlin.internal.ir' type=kotlin.Boolean origin=null
                  arg0: GET_VAR 'val tmp0: android.widget.ImageButton? [val] declared in com.example.physiqueaiapkfinal.BmiCalculatorActivity.onCreate' type=android.widget.ImageButton? origin=null
                  arg1: CONST Null type=kotlin.Nothing? value=null
            then: GET_VAR 'val tmp0: android.widget.ImageButton? [val] declared in com.example.physiqueaiapkfinal.BmiCalculatorActivity.onCreate' type=android.widget.ImageButton? origin=null
          BRANCH
            if: CONST Boolean type=kotlin.Boolean value=true
            then: BLOCK type=kotlin.Unit origin=null
              CALL 'public final fun throwUninitializedPropertyAccessException (propertyName: kotlin.String): kotlin.Unit declared in kotlin.jvm.internal.Intrinsics' type=kotlin.Unit origin=null
                propertyName: CONST String type=kotlin.String value="ageIncreaseButton"
      p0: BLOCK type=android.view.View.OnClickListener origin=LAMBDA
        COMPOSITE type=kotlin.Unit origin=null
        CALL 'public final fun <jvm-indy> <T> (dynamicCall: T of kotlin.jvm.internal.<jvm-indy>, bootstrapMethodHandle: kotlin.Any, vararg bootstrapMethodArguments: kotlin.Any): T of kotlin.jvm.internal.<jvm-indy> declared in kotlin.jvm.internal' type=android.view.View.OnClickListener origin=null
          <T>: android.view.View.OnClickListener
          dynamicCall: CALL 'public final fun onClick (p0: com.example.physiqueaiapkfinal.BmiCalculatorActivity): android.view.View.OnClickListener declared in kotlin.jvm.internal.invokeDynamic' type=android.view.View.OnClickListener origin=null
            p0: GET_VAR '<this>: com.example.physiqueaiapkfinal.BmiCalculatorActivity declared in com.example.physiqueaiapkfinal.BmiCalculatorActivity.onCreate' type=com.example.physiqueaiapkfinal.BmiCalculatorActivity origin=null
          bootstrapMethodHandle: CALL 'public final fun <jvm-method-handle> (tag: kotlin.Int, owner: kotlin.String, name: kotlin.String, descriptor: kotlin.String, isInterface: kotlin.Boolean): kotlin.Any declared in kotlin.jvm.internal' type=kotlin.Any origin=null
            tag: CONST Int type=kotlin.Int value=6
            owner: CONST String type=kotlin.String value="java/lang/invoke/LambdaMetafactory"
            name: CONST String type=kotlin.String value="metafactory"
            descriptor: CONST String type=kotlin.String value="(Ljava/lang/invoke/MethodHandles$Lookup;Ljava/lang/String;Ljava/lang/invoke/MethodType;Ljava/lang/invoke/MethodType;Ljava/lang/invoke/MethodHandle;Ljava/lang/invoke/MethodType;)Ljava/lang/invoke/CallSite;"
            isInterface: CONST Boolean type=kotlin.Boolean value=false
          bootstrapMethodArguments: VARARG type=kotlin.Array<kotlin.Any> varargElementType=kotlin.Any
            CALL 'public final fun <jvm-original-method-type> (method: kotlin.Any): kotlin.Any declared in kotlin.jvm.internal' type=kotlin.Any origin=null
              method: RAW_FUNCTION_REFERENCE 'public abstract fun onClick (p0: @[FlexibleNullability] android.view.View?): kotlin.Unit declared in android.view.View.OnClickListener' type=kotlin.Any
            RAW_FUNCTION_REFERENCE 'private final fun onCreate$lambda$5 (this$0: com.example.physiqueaiapkfinal.BmiCalculatorActivity, it: @[FlexibleNullability] android.view.View?): kotlin.Unit declared in com.example.physiqueaiapkfinal.BmiCalculatorActivity' type=kotlin.Any
            CALL 'public final fun <jvm-original-method-type> (method: kotlin.Any): kotlin.Any declared in kotlin.jvm.internal' type=kotlin.Any origin=null
              method: RAW_FUNCTION_REFERENCE 'public abstract fun onClick (p0: @[FlexibleNullability] android.view.View?): kotlin.Unit [fake_override] declared in kotlin.jvm.internal.invokeDynamic.<fake>' type=kotlin.Any
    CALL 'public open fun setOnClickListener (p0: @[EnhancedNullability] android.view.View.OnClickListener?): kotlin.Unit [fake_override] declared in android.widget.Button' type=kotlin.Unit origin=null
      $this: BLOCK type=android.widget.Button origin=FOLDED_ELVIS
        WHEN type=android.widget.Button origin=FOLDED_ELVIS
          BRANCH
            if: COMPOSITE type=kotlin.Boolean origin=null
              VAR IR_TEMPORARY_VARIABLE name:tmp0 type:android.widget.Button? [val]
                GET_FIELD 'FIELD PROPERTY_BACKING_FIELD name:calculateBMIButton type:android.widget.Button? visibility:private' type=android.widget.Button? origin=null
                  receiver: GET_VAR '<this>: com.example.physiqueaiapkfinal.BmiCalculatorActivity declared in com.example.physiqueaiapkfinal.BmiCalculatorActivity.onCreate' type=com.example.physiqueaiapkfinal.BmiCalculatorActivity origin=null
              CALL 'public final fun not (): kotlin.Boolean [operator] declared in kotlin.Boolean' type=kotlin.Boolean origin=null
                $this: CALL 'public final fun EQEQ (arg0: kotlin.Any?, arg1: kotlin.Any?): kotlin.Boolean declared in kotlin.internal.ir' type=kotlin.Boolean origin=null
                  arg0: GET_VAR 'val tmp0: android.widget.Button? [val] declared in com.example.physiqueaiapkfinal.BmiCalculatorActivity.onCreate' type=android.widget.Button? origin=null
                  arg1: CONST Null type=kotlin.Nothing? value=null
            then: GET_VAR 'val tmp0: android.widget.Button? [val] declared in com.example.physiqueaiapkfinal.BmiCalculatorActivity.onCreate' type=android.widget.Button? origin=null
          BRANCH
            if: CONST Boolean type=kotlin.Boolean value=true
            then: BLOCK type=kotlin.Unit origin=null
              CALL 'public final fun throwUninitializedPropertyAccessException (propertyName: kotlin.String): kotlin.Unit declared in kotlin.jvm.internal.Intrinsics' type=kotlin.Unit origin=null
                propertyName: CONST String type=kotlin.String value="calculateBMIButton"
      p0: BLOCK type=android.view.View.OnClickListener origin=LAMBDA
        COMPOSITE type=kotlin.Unit origin=null
        CALL 'public final fun <jvm-indy> <T> (dynamicCall: T of kotlin.jvm.internal.<jvm-indy>, bootstrapMethodHandle: kotlin.Any, vararg bootstrapMethodArguments: kotlin.Any): T of kotlin.jvm.internal.<jvm-indy> declared in kotlin.jvm.internal' type=android.view.View.OnClickListener origin=null
          <T>: android.view.View.OnClickListener
          dynamicCall: CALL 'public final fun onClick (p0: com.example.physiqueaiapkfinal.BmiCalculatorActivity): android.view.View.OnClickListener declared in kotlin.jvm.internal.invokeDynamic' type=android.view.View.OnClickListener origin=null
            p0: GET_VAR '<this>: com.example.physiqueaiapkfinal.BmiCalculatorActivity declared in com.example.physiqueaiapkfinal.BmiCalculatorActivity.onCreate' type=com.example.physiqueaiapkfinal.BmiCalculatorActivity origin=null
          bootstrapMethodHandle: CALL 'public final fun <jvm-method-handle> (tag: kotlin.Int, owner: kotlin.String, name: kotlin.String, descriptor: kotlin.String, isInterface: kotlin.Boolean): kotlin.Any declared in kotlin.jvm.internal' type=kotlin.Any origin=null
            tag: CONST Int type=kotlin.Int value=6
            owner: CONST String type=kotlin.String value="java/lang/invoke/LambdaMetafactory"
            name: CONST String type=kotlin.String value="metafactory"
            descriptor: CONST String type=kotlin.String value="(Ljava/lang/invoke/MethodHandles$Lookup;Ljava/lang/String;Ljava/lang/invoke/MethodType;Ljava/lang/invoke/MethodType;Ljava/lang/invoke/MethodHandle;Ljava/lang/invoke/MethodType;)Ljava/lang/invoke/CallSite;"
            isInterface: CONST Boolean type=kotlin.Boolean value=false
          bootstrapMethodArguments: VARARG type=kotlin.Array<kotlin.Any> varargElementType=kotlin.Any
            CALL 'public final fun <jvm-original-method-type> (method: kotlin.Any): kotlin.Any declared in kotlin.jvm.internal' type=kotlin.Any origin=null
              method: RAW_FUNCTION_REFERENCE 'public abstract fun onClick (p0: @[FlexibleNullability] android.view.View?): kotlin.Unit declared in android.view.View.OnClickListener' type=kotlin.Any
            RAW_FUNCTION_REFERENCE 'private final fun onCreate$lambda$6 (this$0: com.example.physiqueaiapkfinal.BmiCalculatorActivity, it: @[FlexibleNullability] android.view.View?): kotlin.Unit declared in com.example.physiqueaiapkfinal.BmiCalculatorActivity' type=kotlin.Any
            CALL 'public final fun <jvm-original-method-type> (method: kotlin.Any): kotlin.Any declared in kotlin.jvm.internal' type=kotlin.Any origin=null
              method: RAW_FUNCTION_REFERENCE 'public abstract fun onClick (p0: @[FlexibleNullability] android.view.View?): kotlin.Unit [fake_override] declared in kotlin.jvm.internal.invokeDynamic.<fake>' type=kotlin.Any

	at org.jetbrains.kotlin.backend.jvm.codegen.FunctionCodegen.generate(FunctionCodegen.kt:48)
	at org.jetbrains.kotlin.backend.jvm.codegen.FunctionCodegen.generate$default(FunctionCodegen.kt:41)
	at org.jetbrains.kotlin.backend.jvm.codegen.ClassCodegen.generateMethodNode(ClassCodegen.kt:407)
	at org.jetbrains.kotlin.backend.jvm.codegen.ClassCodegen.generateMethod(ClassCodegen.kt:424)
	at org.jetbrains.kotlin.backend.jvm.codegen.ClassCodegen.generate(ClassCodegen.kt:169)
	at org.jetbrains.kotlin.backend.jvm.FileCodegen.lower(JvmPhases.kt:39)
	at org.jetbrains.kotlin.backend.common.phaser.PhaseFactoriesKt.createFilePhase$lambda$4(PhaseFactories.kt:71)
	at org.jetbrains.kotlin.backend.common.phaser.PhaseBuildersKt$createSimpleNamedCompilerPhase$1.phaseBody(PhaseBuilders.kt:69)
	at org.jetbrains.kotlin.backend.common.phaser.SimpleNamedCompilerPhase.phaseBody(CompilerPhase.kt:226)
	at org.jetbrains.kotlin.backend.common.phaser.AbstractNamedCompilerPhase.invoke(CompilerPhase.kt:113)
	at org.jetbrains.kotlin.backend.common.phaser.PerformByIrFilePhase.invokeSequential(performByIrFile.kt:52)
	... 45 more
Caused by: java.lang.NoClassDefFoundError: org/jetbrains/annotations/Nullable
	at org.jetbrains.kotlin.backend.jvm.codegen.AnnotationCodegen.generateNullabilityAnnotation$backend_jvm_codegen(AnnotationCodegen.kt:132)
	at org.jetbrains.kotlin.backend.jvm.codegen.FunctionCodegen.generateParameterAnnotations(FunctionCodegen.kt:310)
	at org.jetbrains.kotlin.backend.jvm.codegen.FunctionCodegen.doGenerate(FunctionCodegen.kt:104)
	at org.jetbrains.kotlin.backend.jvm.codegen.FunctionCodegen.generate(FunctionCodegen.kt:45)
	... 55 more
Caused by: java.lang.ClassNotFoundException: org.jetbrains.annotations.Nullable
	at java.base/jdk.internal.loader.BuiltinClassLoader.loadClass(Unknown Source)
	at java.base/jdk.internal.loader.ClassLoaders$AppClassLoader.loadClass(Unknown Source)
	at java.base/java.lang.ClassLoader.loadClass(Unknown Source)
	... 59 more


